# JRE version: OpenJDK Runtime Environment (8.0_242-b01) (build 1.8.0_242-release-1644-b01)
# Java VM: OpenJDK 64-Bit Server VM (25.242-b01 mixed mode windows-amd64 compressed oops)
Heap:
 PSYoungGen      total 219648K, used 131760K [0x00000000d5580000, 0x00000000e9c00000, 0x0000000100000000)
  eden space 204288K, 56% used [0x00000000d5580000,0x00000000dc72eb58,0x00000000e1d00000)
  from space 15360K, 99% used [0x00000000e1d00000,0x00000000e2bfd820,0x00000000e2c00000)
  to   space 18432K, 0% used [0x00000000e8a00000,0x00000000e8a00000,0x00000000e9c00000)
 ParOldGen       total 154624K, used 16161K [0x0000000080000000, 0x0000000089700000, 0x00000000d5580000)
  object space 154624K, 10% used [0x0000000080000000,0x0000000080fc85c8,0x0000000089700000)
 Metaspace       used 54482K, capacity 56774K, committed 56872K, reserved 1097728K
  class space    used 7433K, capacity 7946K, committed 7984K, reserved 1048576K
GC Heap History (10 events):
Event: 2.330 GC heap before
{Heap before GC invocations=5 (full 1):
 PSYoungGen      total 140800K, used 7377K [0x00000000d5580000, 0x00000000de980000, 0x0000000100000000)
  eden space 130048K, 0% used [0x00000000d5580000,0x00000000d5580000,0x00000000dd480000)
  from space 10752K, 68% used [0x00000000ddf00000,0x00000000de6344f8,0x00000000de980000)
  to   space 10752K, 0% used [0x00000000dd480000,0x00000000dd480000,0x00000000ddf00000)
 ParOldGen       total 173568K, used 816K [0x0000000080000000, 0x000000008a980000, 0x00000000d5580000)
  object space 173568K, 0% used [0x0000000080000000,0x00000000800cc148,0x000000008a980000)
 Metaspace       used 20565K, capacity 21208K, committed 21296K, reserved 1067008K
  class space    used 2877K, capacity 3076K, committed 3120K, reserved 1048576K
Event: 2.371 GC heap after
Heap after GC invocations=5 (full 1):
 PSYoungGen      total 140800K, used 0K [0x00000000d5580000, 0x00000000de980000, 0x0000000100000000)
  eden space 130048K, 0% used [0x00000000d5580000,0x00000000d5580000,0x00000000dd480000)
  from space 10752K, 0% used [0x00000000ddf00000,0x00000000ddf00000,0x00000000de980000)
  to   space 10752K, 0% used [0x00000000dd480000,0x00000000dd480000,0x00000000ddf00000)
 ParOldGen       total 99328K, used 7215K [0x0000000080000000, 0x0000000086100000, 0x00000000d5580000)
  object space 99328K, 7% used [0x0000000080000000,0x000000008070bc80,0x0000000086100000)
 Metaspace       used 20565K, capacity 21208K, committed 21296K, reserved 1067008K
  class space    used 2877K, capacity 3076K, committed 3120K, reserved 1048576K
}
Event: 3.539 GC heap before
{Heap before GC invocations=6 (full 1):
 PSYoungGen      total 140800K, used 130048K [0x00000000d5580000, 0x00000000de980000, 0x0000000100000000)
  eden space 130048K, 100% used [0x00000000d5580000,0x00000000dd480000,0x00000000dd480000)
  from space 10752K, 0% used [0x00000000ddf00000,0x00000000ddf00000,0x00000000de980000)
  to   space 10752K, 0% used [0x00000000dd480000,0x00000000dd480000,0x00000000ddf00000)
 ParOldGen       total 99328K, used 7223K [0x0000000080000000, 0x0000000086100000, 0x00000000d5580000)
  object space 99328K, 7% used [0x0000000080000000,0x000000008070de88,0x0000000086100000)
 Metaspace       used 32756K, capacity 33786K, committed 33968K, reserved 1079296K
  class space    used 4479K, capacity 4751K, committed 4784K, reserved 1048576K
Event: 3.552 GC heap after
Heap after GC invocations=6 (full 1):
 PSYoungGen      total 140800K, used 10725K [0x00000000d5580000, 0x00000000e3b80000, 0x0000000100000000)
  eden space 130048K, 0% used [0x00000000d5580000,0x00000000d5580000,0x00000000dd480000)
  from space 10752K, 99% used [0x00000000dd480000,0x00000000ddef96c8,0x00000000ddf00000)
  to   space 15872K, 0% used [0x00000000e2c00000,0x00000000e2c00000,0x00000000e3b80000)
 ParOldGen       total 99328K, used 10626K [0x0000000080000000, 0x0000000086100000, 0x00000000d5580000)
  object space 99328K, 10% used [0x0000000080000000,0x0000000080a60868,0x0000000086100000)
 Metaspace       used 32756K, capacity 33786K, committed 33968K, reserved 1079296K
  class space    used 4479K, capacity 4751K, committed 4784K, reserved 1048576K
}
Event: 3.782 GC heap before
{Heap before GC invocations=7 (full 1):
 PSYoungGen      total 140800K, used 40248K [0x00000000d5580000, 0x00000000e3b80000, 0x0000000100000000)
  eden space 130048K, 22% used [0x00000000d5580000,0x00000000d7254cf0,0x00000000dd480000)
  from space 10752K, 99% used [0x00000000dd480000,0x00000000ddef96c8,0x00000000ddf00000)
  to   space 15872K, 0% used [0x00000000e2c00000,0x00000000e2c00000,0x00000000e3b80000)
 ParOldGen       total 99328K, used 10626K [0x0000000080000000, 0x0000000086100000, 0x00000000d5580000)
  object space 99328K, 10% used [0x0000000080000000,0x0000000080a60868,0x0000000086100000)
 Metaspace       used 34275K, capacity 35398K, committed 35496K, reserved 1079296K
  class space    used 4720K, capacity 5002K, committed 5040K, reserved 1048576K
Event: 3.792 GC heap after
Heap after GC invocations=7 (full 1):
 PSYoungGen      total 220160K, used 8154K [0x00000000d5580000, 0x00000000e4000000, 0x0000000100000000)
  eden space 204288K, 0% used [0x00000000d5580000,0x00000000d5580000,0x00000000e1d00000)
  from space 15872K, 51% used [0x00000000e2c00000,0x00000000e33f6908,0x00000000e3b80000)
  to   space 15360K, 0% used [0x00000000e1d00000,0x00000000e1d00000,0x00000000e2c00000)
 ParOldGen       total 99328K, used 10634K [0x0000000080000000, 0x0000000086100000, 0x00000000d5580000)
  object space 99328K, 10% used [0x0000000080000000,0x0000000080a62868,0x0000000086100000)
 Metaspace       used 34275K, capacity 35398K, committed 35496K, reserved 1079296K
  class space    used 4720K, capacity 5002K, committed 5040K, reserved 1048576K
}
Event: 3.792 GC heap before
{Heap before GC invocations=8 (full 2):
 PSYoungGen      total 220160K, used 8154K [0x00000000d5580000, 0x00000000e4000000, 0x0000000100000000)
  eden space 204288K, 0% used [0x00000000d5580000,0x00000000d5580000,0x00000000e1d00000)
  from space 15872K, 51% used [0x00000000e2c00000,0x00000000e33f6908,0x00000000e3b80000)
  to   space 15360K, 0% used [0x00000000e1d00000,0x00000000e1d00000,0x00000000e2c00000)
 ParOldGen       total 99328K, used 10634K [0x0000000080000000, 0x0000000086100000, 0x00000000d5580000)
  object space 99328K, 10% used [0x0000000080000000,0x0000000080a62868,0x0000000086100000)
 Metaspace       used 34275K, capacity 35398K, committed 35496K, reserved 1079296K
  class space    used 4720K, capacity 5002K, committed 5040K, reserved 1048576K
Event: 3.847 GC heap after
Heap after GC invocations=8 (full 2):
 PSYoungGen      total 220160K, used 0K [0x00000000d5580000, 0x00000000e4000000, 0x0000000100000000)
  eden space 204288K, 0% used [0x00000000d5580000,0x00000000d5580000,0x00000000e1d00000)
  from space 15872K, 0% used [0x00000000e2c00000,0x00000000e2c00000,0x00000000e3b80000)
  to   space 15360K, 0% used [0x00000000e1d00000,0x00000000e1d00000,0x00000000e2c00000)
 ParOldGen       total 154624K, used 14579K [0x0000000080000000, 0x0000000089700000, 0x00000000d5580000)
  object space 154624K, 9% used [0x0000000080000000,0x0000000080e3cc40,0x0000000089700000)
 Metaspace       used 34275K, capacity 35398K, committed 35496K, reserved 1079296K
  class space    used 4720K, capacity 5002K, committed 5040K, reserved 1048576K
}
Event: 5.377 GC heap before
{Heap before GC invocations=9 (full 2):
 PSYoungGen      total 220160K, used 204288K [0x00000000d5580000, 0x00000000e4000000, 0x0000000100000000)
  eden space 204288K, 100% used [0x00000000d5580000,0x00000000e1d00000,0x00000000e1d00000)
  from space 15872K, 0% used [0x00000000e2c00000,0x00000000e2c00000,0x00000000e3b80000)
  to   space 15360K, 0% used [0x00000000e1d00000,0x00000000e1d00000,0x00000000e2c00000)
 ParOldGen       total 154624K, used 14579K [0x0000000080000000, 0x0000000089700000, 0x00000000d5580000)
  object space 154624K, 9% used [0x0000000080000000,0x0000000080e3cc40,0x0000000089700000)
 Metaspace       used 45354K, capacity 47154K, committed 47272K, reserved 1089536K
  class space    used 6147K, capacity 6523K, committed 6576K, reserved 1048576K
Event: 5.393 GC heap after
Heap after GC invocations=9 (full 2):
 PSYoungGen      total 219648K, used 15350K [0x00000000d5580000, 0x00000000e9c00000, 0x0000000100000000)
  eden space 204288K, 0% used [0x00000000d5580000,0x00000000d5580000,0x00000000e1d00000)
  from space 15360K, 99% used [0x00000000e1d00000,0x00000000e2bfd820,0x00000000e2c00000)
  to   space 18432K, 0% used [0x00000000e8a00000,0x00000000e8a00000,0x00000000e9c00000)
 ParOldGen       total 154624K, used 16161K [0x0000000080000000, 0x0000000089700000, 0x00000000d5580000)
  object space 154624K, 10% used [0x0000000080000000,0x0000000080fc85c8,0x0000000089700000)
 Metaspace       used 45354K, capacity 47154K, committed 47272K, reserved 1089536K
  class space    used 6147K, capacity 6523K, committed 6576K, reserved 1048576K
}

