# JRE version: OpenJDK Runtime Environment (8.0_242-b01) (build 1.8.0_242-release-1644-b01)
# Java VM: OpenJDK 64-Bit Server VM (25.242-b01 mixed mode windows-amd64 compressed oops)
Heap:
 PSYoungGen      total 339456K, used 57642K [0x00000000d5580000, 0x00000000ec180000, 0x0000000100000000)
  eden space 313344K, 10% used [0x00000000d5580000,0x00000000d76d4ae0,0x00000000e8780000)
  from space 26112K, 90% used [0x00000000ea800000,0x00000000ebef5d68,0x00000000ec180000)
  to   space 29696K, 0% used [0x00000000e8780000,0x00000000e8780000,0x00000000ea480000)
 ParOldGen       total 195072K, used 63685K [0x0000000080000000, 0x000000008be80000, 0x00000000d5580000)
  object space 195072K, 32% used [0x0000000080000000,0x0000000083e316a8,0x000000008be80000)
 Metaspace       used 89955K, capacity 94606K, committed 94808K, reserved 1130496K
  class space    used 11907K, capacity 12858K, committed 12928K, reserved 1048576K
GC Heap History (10 events):
Event: 9.048 GC heap before
{Heap before GC invocations=13 (full 3):
 PSYoungGen      total 241152K, used 15867K [0x00000000d5580000, 0x00000000e6880000, 0x0000000100000000)
  eden space 223232K, 0% used [0x00000000d5580000,0x00000000d5580000,0x00000000e2f80000)
  from space 17920K, 88% used [0x00000000e4280000,0x00000000e51fef30,0x00000000e5400000)
  to   space 19456K, 0% used [0x00000000e2f80000,0x00000000e2f80000,0x00000000e4280000)
 ParOldGen       total 130560K, used 28358K [0x0000000080000000, 0x0000000087f80000, 0x00000000d5580000)
  object space 130560K, 21% used [0x0000000080000000,0x0000000081bb1bc0,0x0000000087f80000)
 Metaspace       used 56383K, capacity 58836K, committed 58968K, reserved 1099776K
  class space    used 7441K, capacity 7958K, committed 8064K, reserved 1048576K
Event: 9.245 GC heap after
Heap after GC invocations=13 (full 3):
 PSYoungGen      total 241152K, used 0K [0x00000000d5580000, 0x00000000e6880000, 0x0000000100000000)
  eden space 223232K, 0% used [0x00000000d5580000,0x00000000d5580000,0x00000000e2f80000)
  from space 17920K, 0% used [0x00000000e4280000,0x00000000e4280000,0x00000000e5400000)
  to   space 19456K, 0% used [0x00000000e2f80000,0x00000000e2f80000,0x00000000e4280000)
 ParOldGen       total 195072K, used 34399K [0x0000000080000000, 0x000000008be80000, 0x00000000d5580000)
  object space 195072K, 17% used [0x0000000080000000,0x0000000082197d78,0x000000008be80000)
 Metaspace       used 56293K, capacity 58582K, committed 58968K, reserved 1099776K
  class space    used 7416K, capacity 7921K, committed 8064K, reserved 1048576K
}
Event: 11.684 GC heap before
{Heap before GC invocations=14 (full 3):
 PSYoungGen      total 241152K, used 223232K [0x00000000d5580000, 0x00000000e6880000, 0x0000000100000000)
  eden space 223232K, 100% used [0x00000000d5580000,0x00000000e2f80000,0x00000000e2f80000)
  from space 17920K, 0% used [0x00000000e4280000,0x00000000e4280000,0x00000000e5400000)
  to   space 19456K, 0% used [0x00000000e2f80000,0x00000000e2f80000,0x00000000e4280000)
 ParOldGen       total 195072K, used 34399K [0x0000000080000000, 0x000000008be80000, 0x00000000d5580000)
  object space 195072K, 17% used [0x0000000080000000,0x0000000082197d78,0x000000008be80000)
 Metaspace       used 71029K, capacity 73950K, committed 74072K, reserved 1114112K
  class space    used 9702K, capacity 10311K, committed 10368K, reserved 1048576K
Event: 11.702 GC heap after
Heap after GC invocations=14 (full 3):
 PSYoungGen      total 242688K, used 19442K [0x00000000d5580000, 0x00000000e8f80000, 0x0000000100000000)
  eden space 223232K, 0% used [0x00000000d5580000,0x00000000d5580000,0x00000000e2f80000)
  from space 19456K, 99% used [0x00000000e2f80000,0x00000000e427cbf8,0x00000000e4280000)
  to   space 22528K, 0% used [0x00000000e7980000,0x00000000e7980000,0x00000000e8f80000)
 ParOldGen       total 195072K, used 35778K [0x0000000080000000, 0x000000008be80000, 0x00000000d5580000)
  object space 195072K, 18% used [0x0000000080000000,0x00000000822f09a0,0x000000008be80000)
 Metaspace       used 71029K, capacity 73950K, committed 74072K, reserved 1114112K
  class space    used 9702K, capacity 10311K, committed 10368K, reserved 1048576K
}
Event: 313.055 GC heap before
{Heap before GC invocations=15 (full 3):
 PSYoungGen      total 242688K, used 242674K [0x00000000d5580000, 0x00000000e8f80000, 0x0000000100000000)
  eden space 223232K, 100% used [0x00000000d5580000,0x00000000e2f80000,0x00000000e2f80000)
  from space 19456K, 99% used [0x00000000e2f80000,0x00000000e427cbf8,0x00000000e4280000)
  to   space 22528K, 0% used [0x00000000e7980000,0x00000000e7980000,0x00000000e8f80000)
 ParOldGen       total 195072K, used 35778K [0x0000000080000000, 0x000000008be80000, 0x00000000d5580000)
  object space 195072K, 18% used [0x0000000080000000,0x00000000822f09a0,0x000000008be80000)
 Metaspace       used 82798K, capacity 86770K, committed 87000K, reserved 1124352K
  class space    used 11064K, capacity 11920K, committed 12032K, reserved 1048576K
Event: 313.087 GC heap after
Heap after GC invocations=15 (full 3):
 PSYoungGen      total 286208K, used 18198K [0x00000000d5580000, 0x00000000e8b80000, 0x0000000100000000)
  eden space 267776K, 0% used [0x00000000d5580000,0x00000000d5580000,0x00000000e5b00000)
  from space 18432K, 98% used [0x00000000e7980000,0x00000000e8b45b68,0x00000000e8b80000)
  to   space 23552K, 0% used [0x00000000e5d80000,0x00000000e5d80000,0x00000000e7480000)
 ParOldGen       total 195072K, used 46548K [0x0000000080000000, 0x000000008be80000, 0x00000000d5580000)
  object space 195072K, 23% used [0x0000000080000000,0x0000000082d75270,0x000000008be80000)
 Metaspace       used 82798K, capacity 86770K, committed 87000K, reserved 1124352K
  class space    used 11064K, capacity 11920K, committed 12032K, reserved 1048576K
}
Event: 316.369 GC heap before
{Heap before GC invocations=16 (full 3):
 PSYoungGen      total 286208K, used 285974K [0x00000000d5580000, 0x00000000e8b80000, 0x0000000100000000)
  eden space 267776K, 100% used [0x00000000d5580000,0x00000000e5b00000,0x00000000e5b00000)
  from space 18432K, 98% used [0x00000000e7980000,0x00000000e8b45b68,0x00000000e8b80000)
  to   space 23552K, 0% used [0x00000000e5d80000,0x00000000e5d80000,0x00000000e7480000)
 ParOldGen       total 195072K, used 46548K [0x0000000080000000, 0x000000008be80000, 0x00000000d5580000)
  object space 195072K, 23% used [0x0000000080000000,0x0000000082d75270,0x000000008be80000)
 Metaspace       used 86154K, capacity 90534K, committed 90840K, reserved 1128448K
  class space    used 11476K, capacity 12422K, committed 12544K, reserved 1048576K
Event: 316.406 GC heap after
Heap after GC invocations=16 (full 3):
 PSYoungGen      total 293888K, used 23545K [0x00000000d5580000, 0x00000000ec280000, 0x0000000100000000)
  eden space 270336K, 0% used [0x00000000d5580000,0x00000000d5580000,0x00000000e5d80000)
  from space 23552K, 99% used [0x00000000e5d80000,0x00000000e747e500,0x00000000e7480000)
  to   space 27136K, 0% used [0x00000000ea800000,0x00000000ea800000,0x00000000ec280000)
 ParOldGen       total 195072K, used 47516K [0x0000000080000000, 0x000000008be80000, 0x00000000d5580000)
  object space 195072K, 24% used [0x0000000080000000,0x0000000082e67070,0x000000008be80000)
 Metaspace       used 86154K, capacity 90534K, committed 90840K, reserved 1128448K
  class space    used 11476K, capacity 12422K, committed 12544K, reserved 1048576K
}
Event: 560.754 GC heap before
{Heap before GC invocations=17 (full 3):
 PSYoungGen      total 293888K, used 293881K [0x00000000d5580000, 0x00000000ec280000, 0x0000000100000000)
  eden space 270336K, 100% used [0x00000000d5580000,0x00000000e5d80000,0x00000000e5d80000)
  from space 23552K, 99% used [0x00000000e5d80000,0x00000000e747e500,0x00000000e7480000)
  to   space 27136K, 0% used [0x00000000ea800000,0x00000000ea800000,0x00000000ec280000)
 ParOldGen       total 195072K, used 47516K [0x0000000080000000, 0x000000008be80000, 0x00000000d5580000)
  object space 195072K, 24% used [0x0000000080000000,0x0000000082e67070,0x000000008be80000)
 Metaspace       used 89921K, capacity 94576K, committed 94808K, reserved 1130496K
  class space    used 11904K, capacity 12853K, committed 12928K, reserved 1048576K
Event: 560.796 GC heap after
Heap after GC invocations=17 (full 3):
 PSYoungGen      total 339456K, used 23511K [0x00000000d5580000, 0x00000000ec180000, 0x0000000100000000)
  eden space 313344K, 0% used [0x00000000d5580000,0x00000000d5580000,0x00000000e8780000)
  from space 26112K, 90% used [0x00000000ea800000,0x00000000ebef5d68,0x00000000ec180000)
  to   space 29696K, 0% used [0x00000000e8780000,0x00000000e8780000,0x00000000ea480000)
 ParOldGen       total 195072K, used 63685K [0x0000000080000000, 0x000000008be80000, 0x00000000d5580000)
  object space 195072K, 32% used [0x0000000080000000,0x0000000083e316a8,0x000000008be80000)
 Metaspace       used 89921K, capacity 94576K, committed 94808K, reserved 1130496K
  class space    used 11904K, capacity 12853K, committed 12928K, reserved 1048576K
}

